{"/Users/marcioalvesjun/www/work-test/finance-management/src/App.tsx": {"path":"/Users/marcioalvesjun/www/work-test/finance-management/src/App.tsx","statementMap":{"0":{"start":{"line":1,"column":0},"end":{"line":1,"column":36}},"1":{"start":{"line":2,"column":0},"end":{"line":2,"column":30}},"2":{"start":{"line":3,"column":0},"end":{"line":3,"column":28}},"3":{"start":{"line":5,"column":0},"end":{"line":5,"column":42}},"4":{"start":{"line":6,"column":0},"end":{"line":6,"column":47}},"5":{"start":{"line":8,"column":14},"end":{"line":8,"column":52}},"6":{"start":{"line":10,"column":0},"end":{"line":12,"column":null}},"7":{"start":{"line":11,"column":2},"end":{"line":11,"column":15}},"8":{"start":{"line":15,"column":2},"end":{"line":19,"column":4}},"9":{"start":{"line":22,"column":0},"end":{"line":22,"column":19}}},"fnMap":{"0":{"name":"App","decl":{"start":{"line":14,"column":9},"end":{"line":14,"column":12}},"loc":{"start":{"line":14,"column":12},"end":{"line":20,"column":1}}}},"branchMap":{"0":{"loc":{"start":{"line":10,"column":0},"end":{"line":12,"column":null}},"type":"if","locations":[{"start":{"line":10,"column":0},"end":{"line":12,"column":null}}]}},"s":{"0":0,"1":0,"2":0,"3":0,"4":0,"5":0,"6":0,"7":0,"8":0,"9":0},"f":{"0":0},"b":{"0":[0]}}
,"/Users/marcioalvesjun/www/work-test/finance-management/src/main.tsx": {"path":"/Users/marcioalvesjun/www/work-test/finance-management/src/main.tsx","statementMap":{"0":{"start":{"line":1,"column":0},"end":{"line":1,"column":26}},"1":{"start":{"line":2,"column":0},"end":{"line":2,"column":40}},"2":{"start":{"line":3,"column":0},"end":{"line":3,"column":24}},"3":{"start":{"line":5,"column":0},"end":{"line":9,"column":2}}},"fnMap":{},"branchMap":{},"s":{"0":0,"1":0,"2":0,"3":0},"f":{},"b":{}}
,"/Users/marcioalvesjun/www/work-test/finance-management/src/components/index.ts": {"path":"/Users/marcioalvesjun/www/work-test/finance-management/src/components/index.ts","statementMap":{"0":{"start":{"line":1,"column":0},"end":{"line":1,"column":9}},"1":{"start":{"line":1,"column":9},"end":{"line":1,"column":30}},"2":{"start":{"line":2,"column":0},"end":{"line":2,"column":9}},"3":{"start":{"line":2,"column":9},"end":{"line":2,"column":32}},"4":{"start":{"line":3,"column":0},"end":{"line":3,"column":9}},"5":{"start":{"line":3,"column":9},"end":{"line":3,"column":32}},"6":{"start":{"line":4,"column":0},"end":{"line":4,"column":9}},"7":{"start":{"line":4,"column":9},"end":{"line":4,"column":32}},"8":{"start":{"line":5,"column":0},"end":{"line":5,"column":9}},"9":{"start":{"line":5,"column":9},"end":{"line":5,"column":42}},"10":{"start":{"line":6,"column":0},"end":{"line":6,"column":9}},"11":{"start":{"line":6,"column":9},"end":{"line":6,"column":36}},"12":{"start":{"line":7,"column":0},"end":{"line":7,"column":9}},"13":{"start":{"line":7,"column":9},"end":{"line":7,"column":34}}},"fnMap":{"0":{"name":"(anonymous_0)","decl":{"start":{"line":1,"column":9},"end":{"line":1,"column":13}},"loc":{"start":{"line":1,"column":9},"end":{"line":1,"column":30}}},"1":{"name":"(anonymous_1)","decl":{"start":{"line":2,"column":9},"end":{"line":2,"column":14}},"loc":{"start":{"line":2,"column":9},"end":{"line":2,"column":32}}},"2":{"name":"(anonymous_2)","decl":{"start":{"line":3,"column":9},"end":{"line":3,"column":14}},"loc":{"start":{"line":3,"column":9},"end":{"line":3,"column":32}}},"3":{"name":"(anonymous_3)","decl":{"start":{"line":4,"column":9},"end":{"line":4,"column":14}},"loc":{"start":{"line":4,"column":9},"end":{"line":4,"column":32}}},"4":{"name":"(anonymous_4)","decl":{"start":{"line":5,"column":9},"end":{"line":5,"column":19}},"loc":{"start":{"line":5,"column":9},"end":{"line":5,"column":42}}},"5":{"name":"(anonymous_5)","decl":{"start":{"line":6,"column":9},"end":{"line":6,"column":16}},"loc":{"start":{"line":6,"column":9},"end":{"line":6,"column":36}}},"6":{"name":"(anonymous_6)","decl":{"start":{"line":7,"column":9},"end":{"line":7,"column":15}},"loc":{"start":{"line":7,"column":9},"end":{"line":7,"column":34}}}},"branchMap":{},"s":{"0":0,"1":0,"2":0,"3":0,"4":0,"5":0,"6":0,"7":0,"8":0,"9":0,"10":0,"11":0,"12":0,"13":0},"f":{"0":0,"1":0,"2":0,"3":0,"4":0,"5":0,"6":0},"b":{}}
,"/Users/marcioalvesjun/www/work-test/finance-management/src/components/Card/index.tsx": {"path":"/Users/marcioalvesjun/www/work-test/finance-management/src/components/Card/index.tsx","statementMap":{"0":{"start":{"line":1,"column":0},"end":{"line":1,"column":52}},"1":{"start":{"line":2,"column":0},"end":{"line":2,"column":59}},"2":{"start":{"line":4,"column":0},"end":{"line":4,"column":42}},"3":{"start":{"line":6,"column":35},"end":{"line":6,"column":45}},"4":{"start":{"line":9,"column":25},"end":{"line":9,"column":48}},"5":{"start":{"line":11,"column":2},"end":{"line":29,"column":4}},"6":{"start":{"line":8,"column":0},"end":{"line":8,"column":16}}},"fnMap":{"0":{"name":"Card","decl":{"start":{"line":8,"column":16},"end":{"line":8,"column":20}},"loc":{"start":{"line":8,"column":60},"end":{"line":30,"column":1}}}},"branchMap":{},"s":{"0":1,"1":1,"2":1,"3":1,"4":1,"5":1,"6":1},"f":{"0":1},"b":{}}
,"/Users/marcioalvesjun/www/work-test/finance-management/src/components/DatePicker/index.tsx": {"path":"/Users/marcioalvesjun/www/work-test/finance-management/src/components/DatePicker/index.tsx","statementMap":{"0":{"start":{"line":2,"column":0},"end":{"line":2,"column":63}},"1":{"start":{"line":3,"column":0},"end":{"line":3,"column":65}},"2":{"start":{"line":5,"column":13},"end":{"line":5,"column":69}}},"fnMap":{},"branchMap":{},"s":{"0":0,"1":0,"2":0},"f":{},"b":{}}
,"/Users/marcioalvesjun/www/work-test/finance-management/src/components/Header/index.tsx": {"path":"/Users/marcioalvesjun/www/work-test/finance-management/src/components/Header/index.tsx","statementMap":{"0":{"start":{"line":1,"column":0},"end":{"line":1,"column":36}},"1":{"start":{"line":2,"column":0},"end":{"line":2,"column":39}},"2":{"start":{"line":3,"column":0},"end":{"line":3,"column":37}},"3":{"start":{"line":4,"column":0},"end":{"line":4,"column":64}},"4":{"start":{"line":5,"column":0},"end":{"line":5,"column":41}},"5":{"start":{"line":6,"column":0},"end":{"line":6,"column":40}},"6":{"start":{"line":8,"column":22},"end":{"line":35,"column":1}},"7":{"start":{"line":9,"column":41},"end":{"line":9,"column":56}},"8":{"start":{"line":10,"column":45},"end":{"line":10,"column":79}},"9":{"start":{"line":12,"column":25},"end":{"line":18,"column":null}},"10":{"start":{"line":14,"column":6},"end":{"line":14,"column":38}},"11":{"start":{"line":16,"column":6},"end":{"line":16,"column":58}},"12":{"start":{"line":21,"column":2},"end":{"line":34,"column":4}},"13":{"start":{"line":8,"column":13},"end":{"line":8,"column":22}}},"fnMap":{"0":{"name":"(anonymous_1)","decl":{"start":{"line":8,"column":22},"end":{"line":8,"column":25}},"loc":{"start":{"line":8,"column":27},"end":{"line":35,"column":1}}},"1":{"name":"(anonymous_2)","decl":{"start":{"line":13,"column":4},"end":{"line":13,"column":9}},"loc":{"start":{"line":13,"column":39},"end":{"line":17,"column":5}}}},"branchMap":{},"s":{"0":0,"1":0,"2":0,"3":0,"4":0,"5":0,"6":0,"7":0,"8":0,"9":0,"10":0,"11":0,"12":0,"13":0},"f":{"0":0,"1":0},"b":{}}
,"/Users/marcioalvesjun/www/work-test/finance-management/src/components/Modal/index.tsx": {"path":"/Users/marcioalvesjun/www/work-test/finance-management/src/components/Modal/index.tsx","statementMap":{"0":{"start":{"line":1,"column":0},"end":{"line":1,"column":36}},"1":{"start":{"line":2,"column":0},"end":{"line":2,"column":71}},"2":{"start":{"line":3,"column":0},"end":{"line":3,"column":42}},"3":{"start":{"line":4,"column":0},"end":{"line":4,"column":47}},"4":{"start":{"line":7,"column":0},"end":{"line":7,"column":26}},"5":{"start":{"line":8,"column":0},"end":{"line":8,"column":62}},"6":{"start":{"line":10,"column":19},"end":{"line":10,"column":25}},"7":{"start":{"line":12,"column":23},"end":{"line":12,"column":49}},"8":{"start":{"line":22,"column":25},"end":{"line":37,"column":8}},"9":{"start":{"line":24,"column":6},"end":{"line":26,"column":41}},"10":{"start":{"line":28,"column":45},"end":{"line":32,"column":6}},"11":{"start":{"line":34,"column":4},"end":{"line":34,"column":35}},"12":{"start":{"line":36,"column":4},"end":{"line":36,"column":14}},"13":{"start":{"line":39,"column":34},"end":{"line":44,"column":8}},"14":{"start":{"line":46,"column":2},"end":{"line":140,"column":4}},"15":{"start":{"line":102,"column":14},"end":{"line":102,"column":34}},"16":{"start":{"line":15,"column":0},"end":{"line":15,"column":16}}},"fnMap":{"0":{"name":"Modal","decl":{"start":{"line":15,"column":16},"end":{"line":15,"column":21}},"loc":{"start":{"line":21,"column":13},"end":{"line":141,"column":1}}},"1":{"name":"(anonymous_2)","decl":{"start":{"line":22,"column":37},"end":{"line":22,"column":42}},"loc":{"start":{"line":22,"column":66},"end":{"line":37,"column":3}}},"2":{"name":"(anonymous_3)","decl":{"start":{"line":101,"column":25},"end":{"line":101,"column":26}},"loc":{"start":{"line":102,"column":14},"end":{"line":102,"column":34}}}},"branchMap":{"0":{"loc":{"start":{"line":18,"column":2},"end":{"line":18,"column":19}},"type":"default-arg","locations":[{"start":{"line":18,"column":14},"end":{"line":18,"column":19}}]},"1":{"loc":{"start":{"line":20,"column":2},"end":{"line":20,"column":20}},"type":"default-arg","locations":[{"start":{"line":20,"column":18},"end":{"line":20,"column":20}}]},"2":{"loc":{"start":{"line":24,"column":6},"end":{"line":26,"column":41}},"type":"cond-expr","locations":[{"start":{"line":25,"column":10},"end":{"line":25,"column":20}},{"start":{"line":26,"column":10},"end":{"line":26,"column":41}}]},"3":{"loc":{"start":{"line":39,"column":34},"end":{"line":44,"column":8}},"type":"cond-expr","locations":[{"start":{"line":40,"column":6},"end":{"line":43,"column":null}},{"start":{"line":44,"column":6},"end":{"line":44,"column":8}}]}},"s":{"0":0,"1":0,"2":0,"3":0,"4":0,"5":0,"6":0,"7":0,"8":0,"9":0,"10":0,"11":0,"12":0,"13":0,"14":0,"15":0,"16":0},"f":{"0":0,"1":0,"2":0},"b":{"0":[0],"1":[0],"2":[0,0],"3":[0,0]}}
,"/Users/marcioalvesjun/www/work-test/finance-management/src/components/Summary/index.tsx": {"path":"/Users/marcioalvesjun/www/work-test/finance-management/src/components/Summary/index.tsx","statementMap":{"0":{"start":{"line":1,"column":0},"end":{"line":1,"column":null}},"1":{"start":{"line":6,"column":0},"end":{"line":6,"column":43}},"2":{"start":{"line":7,"column":0},"end":{"line":7,"column":63}},"3":{"start":{"line":9,"column":0},"end":{"line":9,"column":41}},"4":{"start":{"line":11,"column":23},"end":{"line":45,"column":1}},"5":{"start":{"line":12,"column":19},"end":{"line":12,"column":48}},"6":{"start":{"line":14,"column":23},"end":{"line":24,"column":3}},"7":{"start":{"line":15,"column":4},"end":{"line":17,"column":null}},"8":{"start":{"line":16,"column":6},"end":{"line":16,"column":15}},"9":{"start":{"line":19,"column":31},"end":{"line":20,"column":null}},"10":{"start":{"line":20,"column":23},"end":{"line":20,"column":48}},"11":{"start":{"line":23,"column":4},"end":{"line":23,"column":71}},"12":{"start":{"line":23,"column":51},"end":{"line":23,"column":66}},"13":{"start":{"line":26,"column":25},"end":{"line":26,"column":48}},"14":{"start":{"line":27,"column":26},"end":{"line":27,"column":50}},"15":{"start":{"line":28,"column":16},"end":{"line":28,"column":48}},"16":{"start":{"line":30,"column":2},"end":{"line":44,"column":4}},"17":{"start":{"line":11,"column":13},"end":{"line":11,"column":23}}},"fnMap":{"0":{"name":"(anonymous_1)","decl":{"start":{"line":11,"column":23},"end":{"line":11,"column":26}},"loc":{"start":{"line":11,"column":28},"end":{"line":45,"column":1}}},"1":{"name":"(anonymous_2)","decl":{"start":{"line":14,"column":23},"end":{"line":14,"column":24}},"loc":{"start":{"line":14,"column":49},"end":{"line":24,"column":3}}},"2":{"name":"(anonymous_3)","decl":{"start":{"line":20,"column":6},"end":{"line":20,"column":7}},"loc":{"start":{"line":20,"column":23},"end":{"line":20,"column":48}}},"3":{"name":"(anonymous_4)","decl":{"start":{"line":23,"column":37},"end":{"line":23,"column":38}},"loc":{"start":{"line":23,"column":51},"end":{"line":23,"column":66}}}},"branchMap":{"0":{"loc":{"start":{"line":15,"column":4},"end":{"line":17,"column":null}},"type":"if","locations":[{"start":{"line":15,"column":4},"end":{"line":17,"column":null}}]}},"s":{"0":0,"1":0,"2":0,"3":0,"4":0,"5":0,"6":0,"7":0,"8":0,"9":0,"10":0,"11":0,"12":0,"13":0,"14":0,"15":0,"16":0,"17":0},"f":{"0":0,"1":0,"2":0,"3":0},"b":{"0":[0]}}
,"/Users/marcioalvesjun/www/work-test/finance-management/src/components/Table/index.tsx": {"path":"/Users/marcioalvesjun/www/work-test/finance-management/src/components/Table/index.tsx","statementMap":{"0":{"start":{"line":1,"column":0},"end":{"line":1,"column":67}},"1":{"start":{"line":2,"column":0},"end":{"line":2,"column":26}},"2":{"start":{"line":3,"column":0},"end":{"line":3,"column":59}},"3":{"start":{"line":4,"column":0},"end":{"line":4,"column":80}},"4":{"start":{"line":5,"column":0},"end":{"line":5,"column":54}},"5":{"start":{"line":11,"column":55},"end":{"line":33,"column":2}},"6":{"start":{"line":22,"column":6},"end":{"line":29,"column":null}},"7":{"start":{"line":36,"column":30},"end":{"line":36,"column":59}},"8":{"start":{"line":38,"column":21},"end":{"line":42,"column":5}},"9":{"start":{"line":38,"column":62},"end":{"line":42,"column":4}},"10":{"start":{"line":44,"column":2},"end":{"line":51,"column":4}},"11":{"start":{"line":35,"column":0},"end":{"line":35,"column":16}}},"fnMap":{"0":{"name":"(anonymous_1)","decl":{"start":{"line":21,"column":12},"end":{"line":21,"column":13}},"loc":{"start":{"line":22,"column":6},"end":{"line":29,"column":null}}},"1":{"name":"Table","decl":{"start":{"line":35,"column":16},"end":{"line":35,"column":21}},"loc":{"start":{"line":35,"column":21},"end":{"line":52,"column":1}}},"2":{"name":"(anonymous_3)","decl":{"start":{"line":38,"column":44},"end":{"line":38,"column":45}},"loc":{"start":{"line":38,"column":62},"end":{"line":42,"column":4}}}},"branchMap":{},"s":{"0":0,"1":0,"2":0,"3":0,"4":0,"5":0,"6":0,"7":0,"8":0,"9":0,"10":0,"11":0},"f":{"0":0,"1":0,"2":0},"b":{}}
,"/Users/marcioalvesjun/www/work-test/finance-management/src/components/Table/partials/DeleteButton.tsx": {"path":"/Users/marcioalvesjun/www/work-test/finance-management/src/components/Table/partials/DeleteButton.tsx","statementMap":{"0":{"start":{"line":1,"column":0},"end":{"line":1,"column":36}},"1":{"start":{"line":2,"column":0},"end":{"line":2,"column":51}},"2":{"start":{"line":3,"column":0},"end":{"line":3,"column":41}},"3":{"start":{"line":4,"column":0},"end":{"line":4,"column":59}},"4":{"start":{"line":10,"column":28},"end":{"line":23,"column":1}},"5":{"start":{"line":11,"column":30},"end":{"line":11,"column":64}},"6":{"start":{"line":13,"column":34},"end":{"line":16,"column":25}},"7":{"start":{"line":14,"column":4},"end":{"line":14,"column":43}},"8":{"start":{"line":15,"column":4},"end":{"line":15,"column":56}},"9":{"start":{"line":18,"column":2},"end":{"line":22,"column":4}},"10":{"start":{"line":10,"column":13},"end":{"line":10,"column":28}}},"fnMap":{"0":{"name":"(anonymous_0)","decl":{"start":{"line":10,"column":28},"end":{"line":10,"column":29}},"loc":{"start":{"line":10,"column":69},"end":{"line":23,"column":1}}},"1":{"name":"(anonymous_1)","decl":{"start":{"line":13,"column":46},"end":{"line":13,"column":51}},"loc":{"start":{"line":13,"column":57},"end":{"line":16,"column":3}}}},"branchMap":{},"s":{"0":0,"1":0,"2":0,"3":0,"4":0,"5":0,"6":0,"7":0,"8":0,"9":0,"10":0},"f":{"0":0,"1":0},"b":{}}
,"/Users/marcioalvesjun/www/work-test/finance-management/src/components/Table/partials/EditButton.tsx": {"path":"/Users/marcioalvesjun/www/work-test/finance-management/src/components/Table/partials/EditButton.tsx","statementMap":{"0":{"start":{"line":1,"column":0},"end":{"line":1,"column":36}},"1":{"start":{"line":2,"column":0},"end":{"line":2,"column":39}},"2":{"start":{"line":3,"column":0},"end":{"line":3,"column":40}},"3":{"start":{"line":4,"column":0},"end":{"line":4,"column":null}},"4":{"start":{"line":9,"column":0},"end":{"line":9,"column":37}},"5":{"start":{"line":10,"column":0},"end":{"line":10,"column":40}},"6":{"start":{"line":16,"column":26},"end":{"line":41,"column":1}},"7":{"start":{"line":17,"column":41},"end":{"line":17,"column":56}},"8":{"start":{"line":18,"column":45},"end":{"line":18,"column":79}},"9":{"start":{"line":20,"column":34},"end":{"line":25,"column":null}},"10":{"start":{"line":22,"column":6},"end":{"line":22,"column":79}},"11":{"start":{"line":23,"column":6},"end":{"line":23,"column":57}},"12":{"start":{"line":28,"column":2},"end":{"line":40,"column":4}},"13":{"start":{"line":16,"column":13},"end":{"line":16,"column":26}}},"fnMap":{"0":{"name":"(anonymous_0)","decl":{"start":{"line":16,"column":26},"end":{"line":16,"column":27}},"loc":{"start":{"line":16,"column":63},"end":{"line":41,"column":1}}},"1":{"name":"(anonymous_1)","decl":{"start":{"line":21,"column":4},"end":{"line":21,"column":9}},"loc":{"start":{"line":21,"column":53},"end":{"line":24,"column":5}}}},"branchMap":{},"s":{"0":0,"1":0,"2":0,"3":0,"4":0,"5":0,"6":0,"7":0,"8":0,"9":0,"10":0,"11":0,"12":0,"13":0},"f":{"0":0,"1":0},"b":{}}
,"/Users/marcioalvesjun/www/work-test/finance-management/src/components/Table/partials/index.ts": {"path":"/Users/marcioalvesjun/www/work-test/finance-management/src/components/Table/partials/index.ts","statementMap":{"0":{"start":{"line":1,"column":0},"end":{"line":1,"column":31}},"1":{"start":{"line":2,"column":0},"end":{"line":2,"column":29}}},"fnMap":{},"branchMap":{},"s":{"0":0,"1":0},"f":{},"b":{}}
,"/Users/marcioalvesjun/www/work-test/finance-management/src/components/Title/index.tsx": {"path":"/Users/marcioalvesjun/www/work-test/finance-management/src/components/Title/index.tsx","statementMap":{"0":{"start":{"line":1,"column":0},"end":{"line":1,"column":34}},"1":{"start":{"line":3,"column":0},"end":{"line":3,"column":42}},"2":{"start":{"line":5,"column":29},"end":{"line":5,"column":39}},"3":{"start":{"line":8,"column":2},"end":{"line":8,"column":68}},"4":{"start":{"line":7,"column":0},"end":{"line":7,"column":16}}},"fnMap":{"0":{"name":"Title","decl":{"start":{"line":7,"column":16},"end":{"line":7,"column":21}},"loc":{"start":{"line":7,"column":46},"end":{"line":9,"column":1}}}},"branchMap":{},"s":{"0":1,"1":1,"2":1,"3":1,"4":1},"f":{"0":1},"b":{}}
,"/Users/marcioalvesjun/www/work-test/finance-management/src/config/index.ts": {"path":"/Users/marcioalvesjun/www/work-test/finance-management/src/config/index.ts","statementMap":{"0":{"start":{"line":1,"column":13},"end":{"line":3,"column":2}}},"fnMap":{},"branchMap":{},"s":{"0":0},"f":{},"b":{}}
,"/Users/marcioalvesjun/www/work-test/finance-management/src/constants/index.ts": {"path":"/Users/marcioalvesjun/www/work-test/finance-management/src/constants/index.ts","statementMap":{"0":{"start":{"line":1,"column":13},"end":{"line":1,"column":75}}},"fnMap":{},"branchMap":{},"s":{"0":0},"f":{},"b":{}}
,"/Users/marcioalvesjun/www/work-test/finance-management/src/hooks/index.ts": {"path":"/Users/marcioalvesjun/www/work-test/finance-management/src/hooks/index.ts","statementMap":{"0":{"start":{"line":1,"column":0},"end":{"line":1,"column":33}}},"fnMap":{},"branchMap":{},"s":{"0":1},"f":{},"b":{}}
,"/Users/marcioalvesjun/www/work-test/finance-management/src/hooks/use-disclosure.ts": {"path":"/Users/marcioalvesjun/www/work-test/finance-management/src/hooks/use-disclosure.ts","statementMap":{"0":{"start":{"line":1,"column":0},"end":{"line":1,"column":55}},"1":{"start":{"line":3,"column":29},"end":{"line":17,"column":1}},"2":{"start":{"line":4,"column":30},"end":{"line":4,"column":52}},"3":{"start":{"line":6,"column":15},"end":{"line":6,"column":59}},"4":{"start":{"line":6,"column":33},"end":{"line":6,"column":48}},"5":{"start":{"line":7,"column":16},"end":{"line":7,"column":61}},"6":{"start":{"line":7,"column":34},"end":{"line":7,"column":50}},"7":{"start":{"line":9,"column":17},"end":{"line":11,"column":27}},"8":{"start":{"line":10,"column":4},"end":{"line":10,"column":30}},"9":{"start":{"line":13,"column":2},"end":{"line":16,"column":4}},"10":{"start":{"line":14,"column":10},"end":{"line":14,"column":52}},"11":{"start":{"line":3,"column":13},"end":{"line":3,"column":29}}},"fnMap":{"0":{"name":"(anonymous_0)","decl":{"start":{"line":3,"column":29},"end":{"line":3,"column":30}},"loc":{"start":{"line":3,"column":54},"end":{"line":17,"column":1}}},"1":{"name":"(anonymous_1)","decl":{"start":{"line":6,"column":27},"end":{"line":6,"column":30}},"loc":{"start":{"line":6,"column":33},"end":{"line":6,"column":48}}},"2":{"name":"(anonymous_2)","decl":{"start":{"line":7,"column":28},"end":{"line":7,"column":31}},"loc":{"start":{"line":7,"column":34},"end":{"line":7,"column":50}}},"3":{"name":"(anonymous_3)","decl":{"start":{"line":9,"column":29},"end":{"line":9,"column":32}},"loc":{"start":{"line":9,"column":34},"end":{"line":11,"column":3}}},"4":{"name":"(anonymous_4)","decl":{"start":{"line":14,"column":4},"end":{"line":14,"column":7}},"loc":{"start":{"line":14,"column":10},"end":{"line":14,"column":52}}}},"branchMap":{"0":{"loc":{"start":{"line":3,"column":30},"end":{"line":3,"column":50}},"type":"default-arg","locations":[{"start":{"line":3,"column":45},"end":{"line":3,"column":50}}]},"1":{"loc":{"start":{"line":10,"column":4},"end":{"line":10,"column":29}},"type":"cond-expr","locations":[{"start":{"line":10,"column":13},"end":{"line":10,"column":20}},{"start":{"line":10,"column":23},"end":{"line":10,"column":29}}]}},"s":{"0":1,"1":1,"2":7,"3":7,"4":2,"5":7,"6":2,"7":7,"8":2,"9":7,"10":7,"11":1},"f":{"0":7,"1":2,"2":2,"3":2,"4":7},"b":{"0":[0],"1":[1,1]}}
,"/Users/marcioalvesjun/www/work-test/finance-management/src/pages/index.ts": {"path":"/Users/marcioalvesjun/www/work-test/finance-management/src/pages/index.ts","statementMap":{"0":{"start":{"line":1,"column":0},"end":{"line":1,"column":9}},"1":{"start":{"line":1,"column":9},"end":{"line":1,"column":39}}},"fnMap":{"0":{"name":"(anonymous_0)","decl":{"start":{"line":1,"column":9},"end":{"line":1,"column":18}},"loc":{"start":{"line":1,"column":9},"end":{"line":1,"column":39}}}},"branchMap":{},"s":{"0":0,"1":0},"f":{"0":0},"b":{}}
,"/Users/marcioalvesjun/www/work-test/finance-management/src/pages/Dashboard/index.tsx": {"path":"/Users/marcioalvesjun/www/work-test/finance-management/src/pages/Dashboard/index.tsx","statementMap":{"0":{"start":{"line":1,"column":0},"end":{"line":1,"column":61}},"1":{"start":{"line":2,"column":0},"end":{"line":2,"column":41}},"2":{"start":{"line":5,"column":2},"end":{"line":15,"column":4}},"3":{"start":{"line":4,"column":0},"end":{"line":4,"column":16}}},"fnMap":{"0":{"name":"Dashboard","decl":{"start":{"line":4,"column":16},"end":{"line":4,"column":25}},"loc":{"start":{"line":4,"column":25},"end":{"line":16,"column":1}}}},"branchMap":{},"s":{"0":0,"1":0,"2":0,"3":0},"f":{"0":0},"b":{}}
,"/Users/marcioalvesjun/www/work-test/finance-management/src/providers/AppProvider.tsx": {"path":"/Users/marcioalvesjun/www/work-test/finance-management/src/providers/AppProvider.tsx","statementMap":{"0":{"start":{"line":1,"column":0},"end":{"line":1,"column":41}},"1":{"start":{"line":2,"column":0},"end":{"line":2,"column":59}},"2":{"start":{"line":8,"column":27},"end":{"line":10,"column":1}},"3":{"start":{"line":9,"column":2},"end":{"line":9,"column":68}},"4":{"start":{"line":8,"column":13},"end":{"line":8,"column":27}}},"fnMap":{"0":{"name":"(anonymous_0)","decl":{"start":{"line":8,"column":27},"end":{"line":8,"column":28}},"loc":{"start":{"line":8,"column":62},"end":{"line":10,"column":1}}}},"branchMap":{},"s":{"0":0,"1":0,"2":0,"3":0,"4":0},"f":{"0":0},"b":{}}
,"/Users/marcioalvesjun/www/work-test/finance-management/src/providers/index.ts": {"path":"/Users/marcioalvesjun/www/work-test/finance-management/src/providers/index.ts","statementMap":{"0":{"start":{"line":1,"column":0},"end":{"line":1,"column":30}}},"fnMap":{},"branchMap":{},"s":{"0":0},"f":{},"b":{}}
,"/Users/marcioalvesjun/www/work-test/finance-management/src/services/mirage/index.ts": {"path":"/Users/marcioalvesjun/www/work-test/finance-management/src/services/mirage/index.ts","statementMap":{"0":{"start":{"line":1,"column":0},"end":{"line":1,"column":79}},"1":{"start":{"line":3,"column":0},"end":{"line":3,"column":34}},"2":{"start":{"line":4,"column":0},"end":{"line":4,"column":55}},"3":{"start":{"line":5,"column":0},"end":{"line":5,"column":47}},"4":{"start":{"line":7,"column":40},"end":{"line":10,"column":9}},"5":{"start":{"line":8,"column":2},"end":{"line":10,"column":9}},"6":{"start":{"line":12,"column":26},"end":{"line":96,"column":4}},"7":{"start":{"line":13,"column":2},"end":{"line":96,"column":4}},"8":{"start":{"line":27,"column":6},"end":{"line":29,"column":9}},"9":{"start":{"line":33,"column":6},"end":{"line":33,"column":38}},"10":{"start":{"line":34,"column":6},"end":{"line":34,"column":24}},"11":{"start":{"line":36,"column":6},"end":{"line":42,"column":9}},"12":{"start":{"line":37,"column":8},"end":{"line":41,"column":12}},"13":{"start":{"line":40,"column":22},"end":{"line":40,"column":77}},"14":{"start":{"line":44,"column":6},"end":{"line":55,"column":9}},"15":{"start":{"line":45,"column":21},"end":{"line":45,"column":52}},"16":{"start":{"line":46,"column":31},"end":{"line":46,"column":65}},"17":{"start":{"line":47,"column":29},"end":{"line":47,"column":62}},"18":{"start":{"line":49,"column":8},"end":{"line":52,"column":10}},"19":{"start":{"line":54,"column":8},"end":{"line":54,"column":30}},"20":{"start":{"line":57,"column":6},"end":{"line":74,"column":9}},"21":{"start":{"line":58,"column":19},"end":{"line":58,"column":36}},"22":{"start":{"line":59,"column":35},"end":{"line":59,"column":76}},"23":{"start":{"line":62,"column":10},"end":{"line":62,"column":43}},"24":{"start":{"line":64,"column":8},"end":{"line":71,"column":10}},"25":{"start":{"line":68,"column":31},"end":{"line":68,"column":52}},"26":{"start":{"line":73,"column":8},"end":{"line":73,"column":35}},"27":{"start":{"line":76,"column":6},"end":{"line":94,"column":9}},"28":{"start":{"line":77,"column":19},"end":{"line":77,"column":36}},"29":{"start":{"line":78,"column":21},"end":{"line":78,"column":52}},"30":{"start":{"line":79,"column":35},"end":{"line":79,"column":79}},"31":{"start":{"line":82,"column":10},"end":{"line":82,"column":43}},"32":{"start":{"line":84,"column":8},"end":{"line":91,"column":10}},"33":{"start":{"line":88,"column":14},"end":{"line":88,"column":56}},"34":{"start":{"line":93,"column":8},"end":{"line":93,"column":35}},"35":{"start":{"line":12,"column":13},"end":{"line":12,"column":26}}},"fnMap":{"0":{"name":"(anonymous_0)","decl":{"start":{"line":7,"column":40},"end":{"line":7,"column":43}},"loc":{"start":{"line":8,"column":2},"end":{"line":10,"column":9}}},"1":{"name":"(anonymous_1)","decl":{"start":{"line":12,"column":26},"end":{"line":12,"column":29}},"loc":{"start":{"line":13,"column":2},"end":{"line":96,"column":4}}},"2":{"name":"(anonymous_2)","decl":{"start":{"line":26,"column":4},"end":{"line":26,"column":9}},"loc":{"start":{"line":26,"column":16},"end":{"line":30,"column":5}}},"3":{"name":"(anonymous_3)","decl":{"start":{"line":32,"column":4},"end":{"line":32,"column":10}},"loc":{"start":{"line":32,"column":10},"end":{"line":95,"column":5}}},"4":{"name":"(anonymous_4)","decl":{"start":{"line":36,"column":32},"end":{"line":36,"column":35}},"loc":{"start":{"line":36,"column":37},"end":{"line":42,"column":7}}},"5":{"name":"(anonymous_5)","decl":{"start":{"line":40,"column":12},"end":{"line":40,"column":13}},"loc":{"start":{"line":40,"column":22},"end":{"line":40,"column":77}}},"6":{"name":"(anonymous_6)","decl":{"start":{"line":44,"column":33},"end":{"line":44,"column":34}},"loc":{"start":{"line":44,"column":53},"end":{"line":55,"column":7}}},"7":{"name":"(anonymous_7)","decl":{"start":{"line":57,"column":36},"end":{"line":57,"column":37}},"loc":{"start":{"line":57,"column":56},"end":{"line":74,"column":7}}},"8":{"name":"(anonymous_8)","decl":{"start":{"line":68,"column":14},"end":{"line":68,"column":15}},"loc":{"start":{"line":68,"column":31},"end":{"line":68,"column":52}}},"9":{"name":"(anonymous_9)","decl":{"start":{"line":76,"column":36},"end":{"line":76,"column":37}},"loc":{"start":{"line":76,"column":56},"end":{"line":94,"column":7}}},"10":{"name":"(anonymous_10)","decl":{"start":{"line":87,"column":48},"end":{"line":87,"column":49}},"loc":{"start":{"line":88,"column":14},"end":{"line":88,"column":56}}}},"branchMap":{"0":{"loc":{"start":{"line":8,"column":2},"end":{"line":10,"column":9}},"type":"binary-expr","locations":[{"start":{"line":8,"column":2},"end":{"line":9,"column":null}},{"start":{"line":10,"column":7},"end":{"line":10,"column":9}}]},"1":{"loc":{"start":{"line":88,"column":14},"end":{"line":88,"column":56}},"type":"cond-expr","locations":[{"start":{"line":88,"column":38},"end":{"line":88,"column":42}},{"start":{"line":88,"column":45},"end":{"line":88,"column":56}}]}},"s":{"0":0,"1":0,"2":0,"3":0,"4":0,"5":0,"6":0,"7":0,"8":0,"9":0,"10":0,"11":0,"12":0,"13":0,"14":0,"15":0,"16":0,"17":0,"18":0,"19":0,"20":0,"21":0,"22":0,"23":0,"24":0,"25":0,"26":0,"27":0,"28":0,"29":0,"30":0,"31":0,"32":0,"33":0,"34":0,"35":0},"f":{"0":0,"1":0,"2":0,"3":0,"4":0,"5":0,"6":0,"7":0,"8":0,"9":0,"10":0},"b":{"0":[0,0],"1":[0,0]}}
,"/Users/marcioalvesjun/www/work-test/finance-management/src/store/index.ts": {"path":"/Users/marcioalvesjun/www/work-test/finance-management/src/store/index.ts","statementMap":{"0":{"start":{"line":1,"column":0},"end":{"line":1,"column":24}}},"fnMap":{},"branchMap":{},"s":{"0":0},"f":{},"b":{}}
,"/Users/marcioalvesjun/www/work-test/finance-management/src/store/store.ts": {"path":"/Users/marcioalvesjun/www/work-test/finance-management/src/store/store.ts","statementMap":{"0":{"start":{"line":1,"column":0},"end":{"line":1,"column":73}},"1":{"start":{"line":2,"column":0},"end":{"line":2,"column":34}},"2":{"start":{"line":16,"column":26},"end":{"line":16,"column":40}},"3":{"start":{"line":18,"column":13},"end":{"line":60,"column":3}},"4":{"start":{"line":22,"column":27},"end":{"line":59,"column":4}},"5":{"start":{"line":24,"column":19},"end":{"line":24,"column":34}},"6":{"start":{"line":30,"column":8},"end":{"line":34,"column":10}},"7":{"start":{"line":41,"column":8},"end":{"line":45,"column":10}},"8":{"start":{"line":52,"column":8},"end":{"line":55,"column":10}}},"fnMap":{"0":{"name":"(anonymous_0)","decl":{"start":{"line":22,"column":13},"end":{"line":22,"column":14}},"loc":{"start":{"line":22,"column":27},"end":{"line":59,"column":4}}},"1":{"name":"(anonymous_1)","decl":{"start":{"line":24,"column":13},"end":{"line":24,"column":16}},"loc":{"start":{"line":24,"column":19},"end":{"line":24,"column":34}}},"2":{"name":"(anonymous_2)","decl":{"start":{"line":29,"column":6},"end":{"line":29,"column":11}},"loc":{"start":{"line":29,"column":44},"end":{"line":35,"column":7}}},"3":{"name":"(anonymous_3)","decl":{"start":{"line":40,"column":6},"end":{"line":40,"column":11}},"loc":{"start":{"line":40,"column":23},"end":{"line":46,"column":7}}},"4":{"name":"(anonymous_4)","decl":{"start":{"line":51,"column":6},"end":{"line":51,"column":11}},"loc":{"start":{"line":51,"column":25},"end":{"line":56,"column":7}}}},"branchMap":{},"s":{"0":0,"1":0,"2":0,"3":0,"4":0,"5":0,"6":0,"7":0,"8":0},"f":{"0":0,"1":0,"2":0,"3":0,"4":0},"b":{}}
,"/Users/marcioalvesjun/www/work-test/finance-management/src/utils/format-currency.ts": {"path":"/Users/marcioalvesjun/www/work-test/finance-management/src/utils/format-currency.ts","statementMap":{"0":{"start":{"line":1,"column":32},"end":{"line":5,"column":26}},"1":{"start":{"line":2,"column":2},"end":{"line":5,"column":26}},"2":{"start":{"line":1,"column":13},"end":{"line":1,"column":32}},"3":{"start":{"line":7,"column":35},"end":{"line":8,"column":41}},"4":{"start":{"line":8,"column":2},"end":{"line":8,"column":41}},"5":{"start":{"line":7,"column":13},"end":{"line":7,"column":35}}},"fnMap":{"0":{"name":"(anonymous_0)","decl":{"start":{"line":1,"column":32},"end":{"line":1,"column":33}},"loc":{"start":{"line":2,"column":2},"end":{"line":5,"column":26}}},"1":{"name":"(anonymous_1)","decl":{"start":{"line":7,"column":35},"end":{"line":7,"column":36}},"loc":{"start":{"line":8,"column":2},"end":{"line":8,"column":41}}}},"branchMap":{},"s":{"0":1,"1":1,"2":1,"3":1,"4":0,"5":1},"f":{"0":1,"1":0},"b":{}}
,"/Users/marcioalvesjun/www/work-test/finance-management/src/utils/parse-json.ts": {"path":"/Users/marcioalvesjun/www/work-test/finance-management/src/utils/parse-json.ts","statementMap":{"0":{"start":{"line":5,"column":25},"end":{"line":11,"column":1}},"1":{"start":{"line":6,"column":2},"end":{"line":10,"column":null}},"2":{"start":{"line":7,"column":4},"end":{"line":7,"column":71}},"3":{"start":{"line":9,"column":4},"end":{"line":9,"column":21}},"4":{"start":{"line":5,"column":13},"end":{"line":5,"column":25}}},"fnMap":{"0":{"name":"(anonymous_0)","decl":{"start":{"line":5,"column":25},"end":{"line":5,"column":29}},"loc":{"start":{"line":5,"column":68},"end":{"line":11,"column":1}}}},"branchMap":{"0":{"loc":{"start":{"line":7,"column":11},"end":{"line":7,"column":70}},"type":"cond-expr","locations":[{"start":{"line":7,"column":35},"end":{"line":7,"column":44}},{"start":{"line":7,"column":47},"end":{"line":7,"column":70}}]},"1":{"loc":{"start":{"line":7,"column":58},"end":{"line":7,"column":69}},"type":"binary-expr","locations":[{"start":{"line":7,"column":58},"end":{"line":7,"column":63}},{"start":{"line":7,"column":67},"end":{"line":7,"column":69}}]}},"s":{"0":1,"1":5,"2":5,"3":2,"4":1},"f":{"0":5},"b":{"0":[1,4],"1":[4,1]}}
}
